{"contracts/Raffle.sol":{"l":{"62":0,"63":0,"64":0,"65":0,"66":0,"67":0,"68":0,"69":0,"74":0,"75":0,"77":0,"78":0,"80":0,"81":0,"92":0,"93":0,"95":0,"96":0,"97":0,"98":0,"103":0,"104":0,"105":0,"113":0,"114":0,"121":0,"129":0,"130":0,"131":0,"132":0,"133":0,"134":0,"135":0,"138":0,"139":0,"141":0,"142":0,"147":0,"151":0,"155":0,"159":0,"163":0,"167":0,"171":0,"175":0,"179":0},"path":"/Users/apple/Documents/Dev/web3/hardhat-raffle/contracts/Raffle.sol","s":{"1":0,"2":0,"3":0,"4":0,"5":0,"6":0,"7":0,"8":0,"9":0,"10":0,"11":0,"12":0,"13":0,"14":0,"15":0,"16":0,"17":0,"18":0,"19":0,"20":0,"21":0,"22":0,"23":0,"24":0,"25":0,"26":0,"27":0,"28":0},"b":{"1":[0,0],"2":[0,0],"3":[0,0],"4":[0,0]},"f":{"1":0,"2":0,"3":0,"4":0,"5":0,"6":0,"7":0,"8":0,"9":0,"10":0,"11":0,"12":0,"13":0,"14":0},"fnMap":{"1":{"name":"constructor","line":61,"loc":{"start":{"line":54,"column":4},"end":{"line":70,"column":4}}},"2":{"name":"enterRaffle","line":73,"loc":{"start":{"line":73,"column":4},"end":{"line":82,"column":4}}},"3":{"name":"checkUpkeep","line":84,"loc":{"start":{"line":84,"column":4},"end":{"line":99,"column":4}}},"4":{"name":"performUpkeep","line":102,"loc":{"start":{"line":102,"column":4},"end":{"line":122,"column":4}}},"5":{"name":"fulfillRandomWords","line":124,"loc":{"start":{"line":124,"column":4},"end":{"line":143,"column":4}}},"6":{"name":"getEntranceFee","line":146,"loc":{"start":{"line":146,"column":4},"end":{"line":148,"column":4}}},"7":{"name":"getPlayers","line":150,"loc":{"start":{"line":150,"column":4},"end":{"line":152,"column":4}}},"8":{"name":"getInterval","line":154,"loc":{"start":{"line":154,"column":4},"end":{"line":156,"column":4}}},"9":{"name":"getRecentWinner","line":158,"loc":{"start":{"line":158,"column":4},"end":{"line":160,"column":4}}},"10":{"name":"getWinners","line":162,"loc":{"start":{"line":162,"column":4},"end":{"line":164,"column":4}}},"11":{"name":"getRaffleState","line":166,"loc":{"start":{"line":166,"column":4},"end":{"line":168,"column":4}}},"12":{"name":"getNumWords","line":170,"loc":{"start":{"line":170,"column":4},"end":{"line":172,"column":4}}},"13":{"name":"getNumberOfPlayers","line":174,"loc":{"start":{"line":174,"column":4},"end":{"line":176,"column":4}}},"14":{"name":"getLatestTimestamp","line":178,"loc":{"start":{"line":178,"column":4},"end":{"line":180,"column":4}}}},"statementMap":{"1":{"start":{"line":74,"column":8},"end":{"line":74,"column":2668}},"2":{"start":{"line":77,"column":8},"end":{"line":77,"column":2772}},"3":{"start":{"line":80,"column":8},"end":{"line":80,"column":42}},"4":{"start":{"line":81,"column":8},"end":{"line":81,"column":36}},"5":{"start":{"line":92,"column":8},"end":{"line":92,"column":55}},"6":{"start":{"line":93,"column":8},"end":{"line":93,"column":3352}},"7":{"start":{"line":95,"column":8},"end":{"line":95,"column":48}},"8":{"start":{"line":96,"column":8},"end":{"line":96,"column":53}},"9":{"start":{"line":98,"column":8},"end":{"line":98,"column":40}},"10":{"start":{"line":103,"column":8},"end":{"line":103,"column":55}},"11":{"start":{"line":104,"column":8},"end":{"line":104,"column":3942}},"12":{"start":{"line":114,"column":8},"end":{"line":114,"column":4265}},"13":{"start":{"line":121,"column":8},"end":{"line":121,"column":45}},"14":{"start":{"line":129,"column":8},"end":{"line":129,"column":65}},"15":{"start":{"line":130,"column":8},"end":{"line":130,"column":63}},"16":{"start":{"line":135,"column":8},"end":{"line":135,"column":5089}},"17":{"start":{"line":138,"column":8},"end":{"line":138,"column":5194}},"18":{"start":{"line":141,"column":8},"end":{"line":141,"column":37}},"19":{"start":{"line":142,"column":8},"end":{"line":142,"column":46}},"20":{"start":{"line":147,"column":8},"end":{"line":147,"column":27}},"21":{"start":{"line":151,"column":8},"end":{"line":151,"column":31}},"22":{"start":{"line":155,"column":8},"end":{"line":155,"column":25}},"23":{"start":{"line":159,"column":8},"end":{"line":159,"column":29}},"24":{"start":{"line":163,"column":8},"end":{"line":163,"column":24}},"25":{"start":{"line":167,"column":8},"end":{"line":167,"column":28}},"26":{"start":{"line":171,"column":8},"end":{"line":171,"column":24}},"27":{"start":{"line":175,"column":8},"end":{"line":175,"column":31}},"28":{"start":{"line":179,"column":8},"end":{"line":179,"column":35}}},"branchMap":{"1":{"line":74,"type":"if","locations":[{"start":{"line":74,"column":8},"end":{"line":74,"column":8}},{"start":{"line":74,"column":8},"end":{"line":74,"column":8}}]},"2":{"line":77,"type":"if","locations":[{"start":{"line":77,"column":8},"end":{"line":77,"column":8}},{"start":{"line":77,"column":8},"end":{"line":77,"column":8}}]},"3":{"line":104,"type":"if","locations":[{"start":{"line":104,"column":8},"end":{"line":104,"column":8}},{"start":{"line":104,"column":8},"end":{"line":104,"column":8}}]},"4":{"line":138,"type":"if","locations":[{"start":{"line":138,"column":8},"end":{"line":138,"column":8}},{"start":{"line":138,"column":8},"end":{"line":138,"column":8}}]}}},"contracts/test/VRFCoordinatorV2Mock.sol":{"l":{},"path":"/Users/apple/Documents/Dev/web3/hardhat-raffle/contracts/test/VRFCoordinatorV2Mock.sol","s":{},"b":{},"f":{},"fnMap":{},"statementMap":{},"branchMap":{}}}