TN:
SF:/Users/apple/Documents/Dev/web3/hardhat-raffle/contracts/Raffle.sol
FN:61,constructor
FN:73,enterRaffle
FN:84,checkUpkeep
FN:102,performUpkeep
FN:124,fulfillRandomWords
FN:146,getEntranceFee
FN:150,getPlayers
FN:154,getInterval
FN:158,getRecentWinner
FN:162,getWinners
FN:166,getRaffleState
FN:170,getNumWords
FN:174,getNumberOfPlayers
FN:178,getLatestTimestamp
FNF:14
FNH:0
FNDA:0,constructor
FNDA:0,enterRaffle
FNDA:0,checkUpkeep
FNDA:0,performUpkeep
FNDA:0,fulfillRandomWords
FNDA:0,getEntranceFee
FNDA:0,getPlayers
FNDA:0,getInterval
FNDA:0,getRecentWinner
FNDA:0,getWinners
FNDA:0,getRaffleState
FNDA:0,getNumWords
FNDA:0,getNumberOfPlayers
FNDA:0,getLatestTimestamp
DA:62,0
DA:63,0
DA:64,0
DA:65,0
DA:66,0
DA:67,0
DA:68,0
DA:69,0
DA:74,0
DA:75,0
DA:77,0
DA:78,0
DA:80,0
DA:81,0
DA:92,0
DA:93,0
DA:95,0
DA:96,0
DA:97,0
DA:98,0
DA:103,0
DA:104,0
DA:105,0
DA:113,0
DA:114,0
DA:121,0
DA:129,0
DA:130,0
DA:131,0
DA:132,0
DA:133,0
DA:134,0
DA:135,0
DA:138,0
DA:139,0
DA:141,0
DA:142,0
DA:147,0
DA:151,0
DA:155,0
DA:159,0
DA:163,0
DA:167,0
DA:171,0
DA:175,0
DA:179,0
LF:46
LH:0
BRDA:74,1,0,0
BRDA:74,1,1,0
BRDA:77,2,0,0
BRDA:77,2,1,0
BRDA:104,3,0,0
BRDA:104,3,1,0
BRDA:138,4,0,0
BRDA:138,4,1,0
BRF:8
BRH:0
end_of_record
TN:
SF:/Users/apple/Documents/Dev/web3/hardhat-raffle/contracts/test/VRFCoordinatorV2Mock.sol
FNF:0
FNH:0
LF:0
LH:0
BRF:0
BRH:0
end_of_record
